2025-11-05 16:58:54,339 [INFO] Activator:170 - 


2025-11-05 16:58:54,344 [INFO] Activator:171 - !SESSION log4j initialized
2025-11-05 16:59:08,678 [INFO] McuFinderGlobals:40 - Set McuFinder mode to 2 (CubeIDE integrated)
2025-11-05 16:59:09,798 [INFO] ApplicationProperties:181 - Using Application install path: D:\stm32ide\STM32CubeIDE_1.5.1\STM32CubeIDE\plugins\com.st.stm32cube.common.mx_6.1.1.202012091304
2025-11-05 16:59:09,815 [INFO] DbMcusXml:71 - Set database path to: D:\stm32ide\STM32CubeIDE_1.5.1\STM32CubeIDE\plugins\com.st.stm32cube.common.mx_6.1.1.202012091304\\db\/mcu/
2025-11-05 16:59:09,820 [INFO] DbBoardsPdsc:57 - Set plugin database path to: D:\stm32ide\STM32CubeIDE_1.5.1\STM32CubeIDE\plugins\com.st.stm32cube.common.mx_6.1.1.202012091304\\db\/plugins/boardmanager/
2025-11-05 16:59:09,820 [INFO] DbMcus:259 - Set plugin images path to: D:\stm32ide\STM32CubeIDE_1.5.1\STM32CubeIDE\plugins\com.st.stm32cube.common.mx_6.1.1.202012091304\\db\/plugins/mcufinder/images/
2025-11-05 16:59:09,820 [INFO] DbBoards:265 - Set plugin images path to: D:\stm32ide\STM32CubeIDE_1.5.1\STM32CubeIDE\plugins\com.st.stm32cube.common.mx_6.1.1.202012091304\\db\/plugins/mcufinder/images/
2025-11-05 16:59:09,824 [INFO] DbExamples:329 - Set plugin images path to: D:\stm32ide\STM32CubeIDE_1.5.1\STM32CubeIDE\plugins\com.st.stm32cube.common.mx_6.1.1.202012091304\\db\/plugins/mcufinder/images/
2025-11-05 16:59:09,838 [INFO] DbMcusDocs:112 - Set database path to: C:\Users\Maoist\.stmcufinder\plugins\mcufinder//mcu/
2025-11-05 16:59:09,840 [INFO] DbMcusJson:63 - Set database path to: C:\Users\Maoist\.stmcufinder\plugins\mcufinder//mcu/
2025-11-05 16:59:09,841 [INFO] DbBoardsDocs:112 - Set database path to: C:\Users\Maoist\.stmcufinder\plugins\mcufinder//mcu/
2025-11-05 16:59:09,842 [INFO] DbBoardsJson:56 - Set database path to: C:\Users\Maoist\.stmcufinder\plugins\mcufinder//mcu/
2025-11-05 16:59:09,918 [INFO] CrossReferenceDbSqlite:196 - Set database path to: C:\Users\Maoist\.stmcufinder\plugins\mcufinder//mcu/cs/
2025-11-05 16:59:09,922 [INFO] DbExamplesSqlite:699 - Set database path to: C:\Users\Maoist\.stmcufinder\plugins\mcufinder//mcu/
2025-11-05 16:59:10,082 [INFO] RulesReader:52 - Compatibility file has been processed (228 Rules)
2025-11-05 16:59:10,213 [INFO] MicroXplorer:565 - Detected Java Version = 1.8.0_272
2025-11-05 16:59:10,214 [INFO] DbMcusXml:71 - Set database path to: D:\stm32ide\STM32CubeIDE_1.5.1\STM32CubeIDE\plugins\com.st.stm32cube.common.mx_6.1.1.202012091304\\db\/mcu/
2025-11-05 16:59:10,215 [INFO] DbBoardsPdsc:57 - Set plugin database path to: D:\stm32ide\STM32CubeIDE_1.5.1\STM32CubeIDE\plugins\com.st.stm32cube.common.mx_6.1.1.202012091304\\db\/plugins/boardmanager/
2025-11-05 16:59:10,215 [INFO] DbMcus:259 - Set plugin images path to: D:\stm32ide\STM32CubeIDE_1.5.1\STM32CubeIDE\plugins\com.st.stm32cube.common.mx_6.1.1.202012091304\\db\/plugins/mcufinder/images/
2025-11-05 16:59:10,215 [INFO] DbBoards:265 - Set plugin images path to: D:\stm32ide\STM32CubeIDE_1.5.1\STM32CubeIDE\plugins\com.st.stm32cube.common.mx_6.1.1.202012091304\\db\/plugins/mcufinder/images/
2025-11-05 16:59:10,215 [INFO] DbExamples:329 - Set plugin images path to: D:\stm32ide\STM32CubeIDE_1.5.1\STM32CubeIDE\plugins\com.st.stm32cube.common.mx_6.1.1.202012091304\\db\/plugins/mcufinder/images/
2025-11-05 16:59:10,215 [WARN] DbFile:36 - Overriding database path with different value: C:\Users\Maoist\.stmcufinder\plugins\mcufinder/ => C:\Users\Maoist\.stmcufinder\plugins\mcufinder
2025-11-05 16:59:10,216 [INFO] DbMcusDocs:112 - Set database path to: C:\Users\Maoist\.stmcufinder\plugins\mcufinder//mcu/
2025-11-05 16:59:10,216 [WARN] DbFile:36 - Overriding database path with different value: C:\Users\Maoist\.stmcufinder\plugins\mcufinder/ => C:\Users\Maoist\.stmcufinder\plugins\mcufinder
2025-11-05 16:59:10,216 [INFO] DbMcusJson:63 - Set database path to: C:\Users\Maoist\.stmcufinder\plugins\mcufinder//mcu/
2025-11-05 16:59:10,216 [WARN] DbFile:36 - Overriding database path with different value: C:\Users\Maoist\.stmcufinder\plugins\mcufinder/ => C:\Users\Maoist\.stmcufinder\plugins\mcufinder
2025-11-05 16:59:10,216 [INFO] DbBoardsDocs:112 - Set database path to: C:\Users\Maoist\.stmcufinder\plugins\mcufinder//mcu/
2025-11-05 16:59:10,217 [WARN] DbFile:36 - Overriding database path with different value: C:\Users\Maoist\.stmcufinder\plugins\mcufinder/ => C:\Users\Maoist\.stmcufinder\plugins\mcufinder
2025-11-05 16:59:10,217 [INFO] DbBoardsJson:56 - Set database path to: C:\Users\Maoist\.stmcufinder\plugins\mcufinder//mcu/
2025-11-05 16:59:10,217 [WARN] DbFile:36 - Overriding database path with different value: C:\Users\Maoist\.stmcufinder\plugins\mcufinder/ => C:\Users\Maoist\.stmcufinder\plugins\mcufinder
2025-11-05 16:59:10,217 [WARN] DbFile:36 - Overriding database path with different value: C:\Users\Maoist\.stmcufinder\plugins\mcufinder/ => C:\Users\Maoist\.stmcufinder\plugins\mcufinder
2025-11-05 16:59:10,217 [INFO] CrossReferenceDbSqlite:196 - Set database path to: C:\Users\Maoist\.stmcufinder\plugins\mcufinder//mcu/cs/
2025-11-05 16:59:10,218 [WARN] DbFile:36 - Overriding database path with different value: C:\Users\Maoist\.stmcufinder\plugins\mcufinder/ => C:\Users\Maoist\.stmcufinder\plugins\mcufinder
2025-11-05 16:59:10,218 [INFO] DbExamplesSqlite:699 - Set database path to: C:\Users\Maoist\.stmcufinder\plugins\mcufinder//mcu/
2025-11-05 16:59:10,339 [INFO] MainPanel:190 - HeapMemory: 268435456
2025-11-05 16:59:10,458 [INFO] DbMcusXml:71 - Set database path to: D:\stm32ide\STM32CubeIDE_1.5.1\STM32CubeIDE\plugins\com.st.stm32cube.common.mx_6.1.1.202012091304\\db\/mcu/
2025-11-05 16:59:10,458 [INFO] DbBoardsPdsc:57 - Set plugin database path to: D:\stm32ide\STM32CubeIDE_1.5.1\STM32CubeIDE\plugins\com.st.stm32cube.common.mx_6.1.1.202012091304\\db\/plugins/boardmanager/
2025-11-05 16:59:10,458 [INFO] DbMcus:259 - Set plugin images path to: D:\stm32ide\STM32CubeIDE_1.5.1\STM32CubeIDE\plugins\com.st.stm32cube.common.mx_6.1.1.202012091304\\db\/plugins/mcufinder/images/
2025-11-05 16:59:10,458 [INFO] DbBoards:265 - Set plugin images path to: D:\stm32ide\STM32CubeIDE_1.5.1\STM32CubeIDE\plugins\com.st.stm32cube.common.mx_6.1.1.202012091304\\db\/plugins/mcufinder/images/
2025-11-05 16:59:10,459 [INFO] DbExamples:329 - Set plugin images path to: D:\stm32ide\STM32CubeIDE_1.5.1\STM32CubeIDE\plugins\com.st.stm32cube.common.mx_6.1.1.202012091304\\db\/plugins/mcufinder/images/
2025-11-05 16:59:10,459 [WARN] DbFile:36 - Overriding database path with different value: C:\Users\Maoist\.stmcufinder\plugins\mcufinder/ => C:\Users\Maoist\.stmcufinder\plugins\mcufinder
2025-11-05 16:59:10,460 [INFO] DbMcusDocs:112 - Set database path to: C:\Users\Maoist\.stmcufinder\plugins\mcufinder//mcu/
2025-11-05 16:59:10,460 [WARN] DbFile:36 - Overriding database path with different value: C:\Users\Maoist\.stmcufinder\plugins\mcufinder/ => C:\Users\Maoist\.stmcufinder\plugins\mcufinder
2025-11-05 16:59:10,460 [INFO] DbMcusJson:63 - Set database path to: C:\Users\Maoist\.stmcufinder\plugins\mcufinder//mcu/
2025-11-05 16:59:10,460 [WARN] DbFile:36 - Overriding database path with different value: C:\Users\Maoist\.stmcufinder\plugins\mcufinder/ => C:\Users\Maoist\.stmcufinder\plugins\mcufinder
2025-11-05 16:59:10,460 [INFO] DbBoardsDocs:112 - Set database path to: C:\Users\Maoist\.stmcufinder\plugins\mcufinder//mcu/
2025-11-05 16:59:10,461 [WARN] DbFile:36 - Overriding database path with different value: C:\Users\Maoist\.stmcufinder\plugins\mcufinder/ => C:\Users\Maoist\.stmcufinder\plugins\mcufinder
2025-11-05 16:59:10,461 [INFO] DbBoardsJson:56 - Set database path to: C:\Users\Maoist\.stmcufinder\plugins\mcufinder//mcu/
2025-11-05 16:59:10,461 [WARN] DbFile:36 - Overriding database path with different value: C:\Users\Maoist\.stmcufinder\plugins\mcufinder/ => C:\Users\Maoist\.stmcufinder\plugins\mcufinder
2025-11-05 16:59:10,461 [WARN] DbFile:36 - Overriding database path with different value: C:\Users\Maoist\.stmcufinder\plugins\mcufinder/ => C:\Users\Maoist\.stmcufinder\plugins\mcufinder
2025-11-05 16:59:10,461 [INFO] CrossReferenceDbSqlite:196 - Set database path to: C:\Users\Maoist\.stmcufinder\plugins\mcufinder//mcu/cs/
2025-11-05 16:59:10,461 [WARN] DbFile:36 - Overriding database path with different value: C:\Users\Maoist\.stmcufinder\plugins\mcufinder/ => C:\Users\Maoist\.stmcufinder\plugins\mcufinder
2025-11-05 16:59:10,463 [INFO] DbExamplesSqlite:699 - Set database path to: C:\Users\Maoist\.stmcufinder\plugins\mcufinder//mcu/
2025-11-05 16:59:10,486 [INFO] ApplicationProperties:181 - Using Application install path: D:\stm32ide\STM32CubeIDE_1.5.1\STM32CubeIDE\plugins\com.st.stm32cube.common.mx_6.1.1.202012091304
2025-11-05 16:59:10,487 [INFO] PluginManage:178 - Search for loadable plugins [exclusion list=, ]
2025-11-05 16:59:10,489 [INFO] PluginManage:292 - Check plugin analytics
2025-11-05 16:59:10,658 [INFO] AnalyticsPlugin:225 - Accepted Software Licenses: 
2025-11-05 16:59:10,658 [INFO] AnalyticsPlugin:227 - Accepted CMSIS Pack Licenses: 
2025-11-05 16:59:10,658 [INFO] AnalyticsPlugin:229 - Accepted Firmware Licenses: 
2025-11-05 16:59:10,660 [INFO] PluginManage:342 - Loaded plugin analytics (category:tool,tabindex:-1)
2025-11-05 16:59:10,660 [INFO] PluginManage:292 - Check plugin clock
2025-11-05 16:59:10,697 [INFO] PluginManage:342 - Loaded plugin clock (category:base,tabindex:2)
2025-11-05 16:59:10,697 [INFO] PluginManage:292 - Check plugin ddr
2025-11-05 16:59:10,701 [INFO] PluginManage:342 - Loaded plugin ddr (category:tool,tabindex:6)
2025-11-05 16:59:10,701 [INFO] PluginManage:292 - Check plugin filemanager
2025-11-05 16:59:10,845 [INFO] PluginManage:342 - Loaded plugin filemanager (category:base,tabindex:10)
2025-11-05 16:59:10,846 [INFO] PluginManage:292 - Check plugin ipmanager
2025-11-05 16:59:10,856 [INFO] PluginManage:342 - Loaded plugin ipmanager (category:base,tabindex:5)
2025-11-05 16:59:10,856 [INFO] PluginManage:292 - Check plugin pinoutandconfiguration
2025-11-05 16:59:10,885 [INFO] PluginManage:342 - Loaded plugin pinoutandconfiguration (category:base,tabindex:1)
2025-11-05 16:59:10,885 [INFO] PluginManage:292 - Check plugin pinoutconfig
2025-11-05 16:59:10,931 [INFO] PluginManage:342 - Loaded plugin pinoutconfig (category:base,tabindex:0)
2025-11-05 16:59:10,932 [INFO] PluginManage:292 - Check plugin power
2025-11-05 16:59:10,965 [INFO] PluginManage:342 - Loaded plugin power (category:power,tabindex:4)
2025-11-05 16:59:10,966 [INFO] PluginManage:292 - Check plugin projectmanager
2025-11-05 16:59:10,984 [INFO] PluginManage:342 - Loaded plugin projectmanager (category:projectmanager,tabindex:3)
2025-11-05 16:59:10,985 [INFO] PluginManage:292 - Check plugin thirdparty
2025-11-05 16:59:11,286 [INFO] PluginManage:342 - Loaded plugin thirdparty (category:base,tabindex:-1)
2025-11-05 16:59:11,286 [WARN] IntegrityCheckThread:59 - waiting for thirdparty lock release [integrity check]
2025-11-05 16:59:11,286 [INFO] PluginManage:292 - Check plugin tools
2025-11-05 16:59:11,286 [INFO] IntegrityCheckThread:61 - entering critical section [integrity check]
2025-11-05 16:59:11,288 [INFO] ThirdPartyUpdaterWithRetryManager:56 - Updater plugin not ready yet. [1/15]
2025-11-05 16:59:11,377 [INFO] PluginManage:342 - Loaded plugin tools (category:base,tabindex:7)
2025-11-05 16:59:11,378 [INFO] PluginManage:292 - Check plugin tutovideos
2025-11-05 16:59:11,618 [INFO] PluginManage:342 - Loaded plugin tutovideos (category:base,tabindex:-1)
2025-11-05 16:59:11,619 [INFO] PluginManage:292 - Check plugin updater
2025-11-05 16:59:11,640 [INFO] PluginManage:342 - Loaded plugin updater (category:base,tabindex:12)
2025-11-05 16:59:11,641 [INFO] PluginManage:265 - PluginManage : Loaded plugins [13]
2025-11-05 16:59:11,832 [INFO] PinOutPanel:1434 - setPackage(No Configuration,No Configuration)
2025-11-05 16:59:11,944 [INFO] IPUIPlugin:64 - create IPUIPlugin
2025-11-05 16:59:11,945 [INFO] PluginManager:203 - loadIPPluginJar : add adc
2025-11-05 16:59:12,008 [INFO] IPUIPlugin:64 - create IPUIPlugin
2025-11-05 16:59:12,008 [INFO] PluginManager:203 - loadIPPluginJar : add aes
2025-11-05 16:59:12,085 [INFO] IPUIPlugin:64 - create IPUIPlugin
2025-11-05 16:59:12,085 [INFO] PluginManager:203 - loadIPPluginJar : add can
2025-11-05 16:59:12,143 [INFO] IPUIPlugin:64 - create IPUIPlugin
2025-11-05 16:59:12,143 [INFO] PluginManager:203 - loadIPPluginJar : add comp
2025-11-05 16:59:12,210 [INFO] IPUIPlugin:64 - create IPUIPlugin
2025-11-05 16:59:12,211 [INFO] PluginManager:203 - loadIPPluginJar : add cryp
2025-11-05 16:59:12,278 [INFO] IPUIPlugin:64 - create IPUIPlugin
2025-11-05 16:59:12,279 [INFO] PluginManager:203 - loadIPPluginJar : add dfsdm
2025-11-05 16:59:12,301 [INFO] IPUIPlugin:64 - create IPUIPlugin
2025-11-05 16:59:12,302 [INFO] PluginManager:203 - loadIPPluginJar : add dma
2025-11-05 16:59:12,355 [INFO] IPUIPlugin:64 - create IPUIPlugin
2025-11-05 16:59:12,356 [INFO] PluginManager:203 - loadIPPluginJar : add fatfs
2025-11-05 16:59:12,448 [INFO] IPUIPlugin:64 - create IPUIPlugin
2025-11-05 16:59:12,449 [INFO] PluginManager:203 - loadIPPluginJar : add fmc
2025-11-05 16:59:12,473 [INFO] IPUIPlugin:64 - create IPUIPlugin
2025-11-05 16:59:12,473 [INFO] PluginManager:203 - loadIPPluginJar : add freertos
2025-11-05 16:59:12,526 [INFO] IPUIPlugin:64 - create IPUIPlugin
2025-11-05 16:59:12,526 [INFO] PluginManager:203 - loadIPPluginJar : add genericplugin
2025-11-05 16:59:12,669 [INFO] IPUIPlugin:64 - create IPUIPlugin
2025-11-05 16:59:12,669 [INFO] PluginManager:203 - loadIPPluginJar : add gfxmmu
2025-11-05 16:59:12,857 [INFO] IPUIPlugin:64 - create IPUIPlugin
2025-11-05 16:59:12,858 [INFO] PluginManager:203 - loadIPPluginJar : add gic
2025-11-05 16:59:12,877 [INFO] IPUIPlugin:64 - create IPUIPlugin
2025-11-05 16:59:12,877 [INFO] PluginManager:203 - loadIPPluginJar : add gpio
2025-11-05 16:59:12,988 [INFO] IPUIPlugin:64 - create IPUIPlugin
2025-11-05 16:59:12,989 [INFO] PluginManager:203 - loadIPPluginJar : add gtzc
2025-11-05 16:59:13,044 [INFO] IPUIPlugin:64 - create IPUIPlugin
2025-11-05 16:59:13,045 [INFO] PluginManager:203 - loadIPPluginJar : add hash
2025-11-05 16:59:13,133 [INFO] IPUIPlugin:64 - create IPUIPlugin
2025-11-05 16:59:13,133 [INFO] PluginManager:203 - loadIPPluginJar : add i2c
2025-11-05 16:59:13,219 [INFO] IPUIPlugin:64 - create IPUIPlugin
2025-11-05 16:59:13,219 [INFO] PluginManager:203 - loadIPPluginJar : add i2s
2025-11-05 16:59:13,237 [INFO] IPUIPlugin:64 - create IPUIPlugin
2025-11-05 16:59:13,237 [INFO] PluginManager:203 - loadIPPluginJar : add ipddr
2025-11-05 16:59:13,306 [INFO] IPUIPlugin:64 - create IPUIPlugin
2025-11-05 16:59:13,306 [INFO] PluginManager:203 - loadIPPluginJar : add lorawan
2025-11-05 16:59:13,386 [INFO] IPUIPlugin:64 - create IPUIPlugin
2025-11-05 16:59:13,386 [INFO] PluginManager:203 - loadIPPluginJar : add ltdc
2025-11-05 16:59:13,407 [INFO] IPUIPlugin:64 - create IPUIPlugin
2025-11-05 16:59:13,408 [INFO] PluginManager:203 - loadIPPluginJar : add mdma
2025-11-05 16:59:13,426 [INFO] IPUIPlugin:64 - create IPUIPlugin
2025-11-05 16:59:13,427 [INFO] PluginManager:203 - loadIPPluginJar : add nvic
2025-11-05 16:59:13,498 [INFO] IPUIPlugin:64 - create IPUIPlugin
2025-11-05 16:59:13,498 [INFO] PluginManager:203 - loadIPPluginJar : add opamp
2025-11-05 16:59:13,603 [INFO] IPUIPlugin:64 - create IPUIPlugin
2025-11-05 16:59:13,603 [INFO] PluginManager:203 - loadIPPluginJar : add openamp
2025-11-05 16:59:13,681 [INFO] IPUIPlugin:64 - create IPUIPlugin
2025-11-05 16:59:13,682 [INFO] PluginManager:203 - loadIPPluginJar : add pdm2pcm
2025-11-05 16:59:13,704 [INFO] IPUIPlugin:64 - create IPUIPlugin
2025-11-05 16:59:13,707 [INFO] PluginManager:203 - loadIPPluginJar : add plateformsettings
2025-11-05 16:59:13,760 [INFO] IPUIPlugin:64 - create IPUIPlugin
2025-11-05 16:59:13,760 [INFO] PluginManager:203 - loadIPPluginJar : add quadspi
2025-11-05 16:59:13,784 [INFO] IPUIPlugin:64 - create IPUIPlugin
2025-11-05 16:59:13,784 [INFO] PluginManager:203 - loadIPPluginJar : add resmgrutility
2025-11-05 16:59:13,886 [INFO] IPUIPlugin:64 - create IPUIPlugin
2025-11-05 16:59:13,886 [INFO] PluginManager:203 - loadIPPluginJar : add sai
2025-11-05 16:59:13,972 [INFO] IPUIPlugin:64 - create IPUIPlugin
2025-11-05 16:59:13,973 [INFO] PluginManager:203 - loadIPPluginJar : add spi
2025-11-05 16:59:14,075 [INFO] IPUIPlugin:64 - create IPUIPlugin
2025-11-05 16:59:14,075 [INFO] PluginManager:203 - loadIPPluginJar : add stm32_wpan
2025-11-05 16:59:14,130 [INFO] IPUIPlugin:64 - create IPUIPlugin
2025-11-05 16:59:14,131 [INFO] PluginManager:203 - loadIPPluginJar : add tim
2025-11-05 16:59:14,228 [INFO] IPUIPlugin:64 - create IPUIPlugin
2025-11-05 16:59:14,228 [INFO] PluginManager:203 - loadIPPluginJar : add touchsensing
2025-11-05 16:59:14,280 [INFO] IPUIPlugin:64 - create IPUIPlugin
2025-11-05 16:59:14,281 [INFO] PluginManager:203 - loadIPPluginJar : add tracer_emb
2025-11-05 16:59:14,288 [INFO] ThirdPartyUpdaterWithRetryManager:56 - Updater plugin not ready yet. [2/15]
2025-11-05 16:59:14,338 [INFO] IPUIPlugin:64 - create IPUIPlugin
2025-11-05 16:59:14,338 [INFO] PluginManager:203 - loadIPPluginJar : add ts
2025-11-05 16:59:14,394 [INFO] IPUIPlugin:64 - create IPUIPlugin
2025-11-05 16:59:14,394 [INFO] PluginManager:203 - loadIPPluginJar : add tsc
2025-11-05 16:59:14,444 [INFO] IPUIPlugin:64 - create IPUIPlugin
2025-11-05 16:59:14,444 [INFO] PluginManager:203 - loadIPPluginJar : add ucpd
2025-11-05 16:59:14,523 [INFO] IPUIPlugin:64 - create IPUIPlugin
2025-11-05 16:59:14,523 [INFO] PluginManager:203 - loadIPPluginJar : add usart
2025-11-05 16:59:14,842 [FATAL] Updater:284 - Updater called before beeing initialized
2025-11-05 16:59:14,951 [FATAL] Updater:284 - Updater called before beeing initialized
2025-11-05 16:59:15,077 [WARN] DetailPanel:347 - Failed to get advertising image, set to default
2025-11-05 16:59:15,080 [FATAL] Updater:284 - Updater called before beeing initialized
2025-11-05 16:59:15,080 [WARN] DetailPanel:347 - Failed to get advertising image, set to default
2025-11-05 16:59:15,135 [FATAL] Updater:284 - Updater called before beeing initialized
2025-11-05 16:59:15,135 [WARN] ThirdParty:783 - waiting for thirdparty lock release [close project]
2025-11-05 16:59:17,288 [INFO] ThirdPartyUpdaterWithRetryManager:56 - Updater plugin not ready yet. [3/15]
2025-11-05 16:59:20,288 [FATAL] Updater:284 - Updater called before beeing initialized
2025-11-05 16:59:20,288 [ERROR] AbstractThirdPartyUpdaterManager:153 - java.lang.Integer cannot be cast to java.util.List
2025-11-05 16:59:20,288 [INFO] ThirdParty:887 - Integrity check success = false
2025-11-05 16:59:20,288 [INFO] IntegrityCheckThread:75 - exiting critical section [integrity check]
2025-11-05 16:59:20,288 [INFO] IntegrityCheckThread:78 - End integrity checks thread
2025-11-05 16:59:20,288 [INFO] ThirdParty:785 - entering critical section [close project]
2025-11-05 16:59:20,291 [INFO] ThirdParty:796 - exiting critical section [close project]
2025-11-05 16:59:20,294 [INFO] PinOutPanel:1434 - setPackage(No Configuration,No Configuration)
2025-11-05 16:59:20,295 [FATAL] Updater:284 - Updater called before beeing initialized
2025-11-05 16:59:20,331 [ERROR] Updater:1065 - MainUpdater not yet initialized. External WinMGr cannot be set.
2025-11-05 16:59:20,354 [INFO] Updater:1002 - Updater Version found : 6.1.1
2025-11-05 16:59:20,380 [INFO] ApplicationProperties:181 - Using Application install path: D:\stm32ide\STM32CubeIDE_1.5.1\STM32CubeIDE\plugins\com.st.stm32cube.common.mx_6.1.1.202012091304
2025-11-05 16:59:20,946 [INFO] MainUpdater:2644 - connection check result : 10
2025-11-05 16:59:20,947 [INFO] MainUpdater:249 - Updater Check For Update Now.
2025-11-05 16:59:20,948 [INFO] MicroXplorer:415 - Change Database Version : DB.6.0.10
2025-11-05 16:59:21,083 [INFO] CheckServerUpdateThread:102 - End of CheckServer Thread
2025-11-05 16:59:21,112 [INFO] MainUpdater:2644 - connection check result : 10
2025-11-05 16:59:21,912 [INFO] CrossSelectorPresenter:1330 - Cross Selector saved comparison directory: C:\Users\Maoist\.stmcufinder\plugins\mcufinder\mcu\cs_comparisons_mx
2025-11-05 16:59:21,919 [INFO] MultiScanPanel:198 - Auto-refresh data requested => check proxy status ongoing
2025-11-05 16:59:21,922 [INFO] FinderPluginLoader:87 - Searching for filters in installed packs
2025-11-05 16:59:21,924 [INFO] DbMcusXml:97 - Load MCU database from D:\stm32ide\STM32CubeIDE_1.5.1\STM32CubeIDE\plugins\com.st.stm32cube.common.mx_6.1.1.202012091304\\db\/mcu/families.xml
2025-11-05 16:59:22,568 [INFO] DbMcusJson:92 - JSON generation date=Fri Nov 06 00:05:07 CST 2020 (1604592307)
2025-11-05 16:59:23,043 [INFO] DbMcus:176 - Found 1835 MCUs (1796 are supported by CubeMX, 1796 are visible in CubeMX)
2025-11-05 16:59:23,044 [INFO] ApiDb:238 - Load user favorites file C:\Users\Maoist/.stm32cubeide/favorites.mcus.txt: 0 item(s)
2025-11-05 16:59:23,044 [INFO] ApiDb:242 - User favorites MCUs=[]
2025-11-05 16:59:23,045 [INFO] DbMcus:188 - Set 0 / 0 favorites MCUs
2025-11-05 16:59:23,453 [WARN] DetailPanel:347 - Failed to get advertising image, set to default
2025-11-05 16:59:23,806 [INFO] McuFilterPanel:245 - Update 0 favorites MCUs
2025-11-05 16:59:23,899 [INFO] DbBoardsPdsc:91 - Found 24 items
2025-11-05 16:59:23,917 [INFO] DbBoardsPdsc:91 - Found 9 items
2025-11-05 16:59:23,938 [INFO] DbBoardsPdsc:91 - Found 32 items
2025-11-05 16:59:23,966 [INFO] DbBoardsPdsc:91 - Found 1 items
2025-11-05 16:59:23,998 [INFO] DbBoardsPdsc:91 - Found 45 items
2025-11-05 16:59:24,032 [INFO] DbBoardsPdsc:91 - Found 41 items
2025-11-05 16:59:24,055 [INFO] DbBoardsPdsc:91 - Found 2 items
2025-11-05 16:59:24,074 [INFO] DbBoardsPdsc:91 - Found 4 items
2025-11-05 16:59:24,079 [WARN] DbBoardsPdsc:255 - Board STM32H7B3I-DK: unknown feature type=Audio, name=, username=Audio stereo codec with Headphone Amp (CS42L51-CNZ), n=1
2025-11-05 16:59:24,079 [WARN] DbBoardsPdsc:255 - Board STM32H735G-DK: unknown feature type=Audio, name=, username=Audio stereo codec with Headphone Amp (WM8994ECS/R), n=1
2025-11-05 16:59:24,082 [WARN] DbBoardsPdsc:255 - Board STM32H7B3I-EVAL: unknown feature type=Audio, name=, username=Multi-Channel Audio Codec (CS42L51-CNZ), n=1
2025-11-05 16:59:24,082 [WARN] DbBoardsPdsc:255 - Board STM32H7B3I-EVAL: unknown feature type=Meter, name=, username=Power-metering and Temperature-monitoring with sigma-delta modulators, n=1
2025-11-05 16:59:24,082 [WARN] DbBoardsPdsc:255 - Board STM32H7B3I-EVAL: unknown feature type=Motor, name=, username=Motor Control, n=1
2025-11-05 16:59:24,093 [INFO] DbBoardsJson:85 - JSON generation date=Thu Nov 05 22:55:26 CST 2020 (1604588126)
2025-11-05 16:59:24,097 [INFO] DbBoards:118 - Found 158 boards (155 are supported by CubeMX)
2025-11-05 16:59:24,105 [INFO] DbBoardsDocs:145 - JSON generation date=Fri Nov 06 00:05:07 CST 2020 (1604592307)
2025-11-05 16:59:24,119 [INFO] DbBoardsDocs:81 - Found 190 boards documents
2025-11-05 16:59:24,119 [WARN] DbBoards:128 - board B-L462E-CELL1 has no document id list !
2025-11-05 16:59:24,119 [WARN] DbBoards:128 - board B-L475E-IOT01A2 has no document id list !
2025-11-05 16:59:24,120 [WARN] DbBoards:128 - board NUCLEO-G0B1RE has no document id list !
2025-11-05 16:59:24,120 [WARN] DbBoards:128 - board NUCLEO-G491RE has no document id list !
2025-11-05 16:59:24,120 [WARN] DbBoards:128 - board NUCLEO-H743ZI2 has no document id list !
2025-11-05 16:59:24,120 [WARN] DbBoards:128 - board NUCLEO-L4A6ZG has no document id list !
2025-11-05 16:59:24,120 [WARN] DbBoards:128 - board NUCLEO-WB55RG has no document id list !
2025-11-05 16:59:24,122 [WARN] DbBoards:128 - board NUCLEO-WL55JC1 has no document id list !
2025-11-05 16:59:24,122 [WARN] DbBoards:128 - board NUCLEO-WL55JC2 has no document id list !
2025-11-05 16:59:24,122 [WARN] DbBoards:128 - board P-NUCLEO-WB55-Nucleo has no document id list !
2025-11-05 16:59:24,122 [WARN] DbBoards:128 - board P-NUCLEO-WB55-USBDongle has no document id list !
2025-11-05 16:59:24,122 [WARN] DbBoards:128 - board STEVAL-BFA001V1B has no document id list !
2025-11-05 16:59:24,122 [WARN] DbBoards:128 - board STEVAL-BFA001V2B has no document id list !
2025-11-05 16:59:24,122 [WARN] DbBoards:128 - board STEVAL-IDP005V1 has no document id list !
2025-11-05 16:59:24,122 [WARN] DbBoards:128 - board STEVAL-IDP005V2 has no document id list !
2025-11-05 16:59:24,122 [WARN] DbBoards:128 - board STEVAL-MKSBOX1V1 has no document id list !
2025-11-05 16:59:24,122 [WARN] DbBoards:128 - board STEVAL-STWINKT1 has no document id list !
2025-11-05 16:59:24,123 [WARN] DbBoards:128 - board STM32F401C-DISCO has no document id list !
2025-11-05 16:59:24,123 [WARN] DbBoards:128 - board STM32F769I-DISC1 has no document id list !
2025-11-05 16:59:24,123 [WARN] DbBoards:128 - board STM32G0C1E-EV has no document id list !
2025-11-05 16:59:24,124 [WARN] DbBoards:128 - board STM32G474E-EVAL1 has no document id list !
2025-11-05 16:59:24,124 [WARN] DbBoards:128 - board STM32H743I-EVAL2 has no document id list !
2025-11-05 16:59:24,124 [WARN] DbBoards:128 - board STM32H747I-DISC1 has no document id list !
2025-11-05 16:59:24,124 [WARN] DbBoards:128 - board STM32H753I-EVAL2 has no document id list !
2025-11-05 16:59:24,124 [WARN] DbBoards:128 - board STM32L-DISCOVERY has no document id list !
2025-11-05 16:59:24,125 [WARN] DbBoards:128 - board STM32MP157A-DK1 has no document id list !
2025-11-05 16:59:24,125 [WARN] DbBoards:128 - board STM32MP157F-DK2 has no document id list !
2025-11-05 16:59:24,125 [WARN] DbBoards:128 - board STM32MP157F-EV1 has no document id list !
2025-11-05 16:59:26,187 [INFO] ApiDb:229 - User favorites file not found: C:\Users\Maoist/.stm32cubeide/favorites.boards.txt
2025-11-05 16:59:26,187 [INFO] DbBoards:207 - Set 0 / 0 favorites Boards
2025-11-05 16:59:26,300 [INFO] MultiScanPanel:198 - Auto-refresh data requested => check proxy status ongoing
2025-11-05 16:59:26,351 [WARN] DetailPanel:347 - Failed to get advertising image, set to default
2025-11-05 16:59:26,370 [INFO] BoardFilterPanel:214 - Update 0 favorites Boards
2025-11-05 16:59:26,394 [INFO] MultiScanPanel:198 - Auto-refresh data requested => check proxy status ongoing
2025-11-05 16:59:26,596 [INFO] ApiDb:466 - Connected to CubeFinder SQLite database (C:\Users\Maoist\.stmcufinder\plugins\mcufinder\mcu\cube-finder-db.db)
2025-11-05 16:59:27,262 [INFO] DbExamplesSqlite:410 - Ignored 24 examples not supported by CubeIDE
2025-11-05 16:59:27,263 [INFO] DbExamplesSqlite:411 - Found 4772 examples active
2025-11-05 16:59:27,263 [INFO] DbExamplesSqlite:412 - Found 128 examples obsolete
2025-11-05 16:59:27,263 [INFO] DbExamplesSqlite:413 - Found 0 examples under development
2025-11-05 16:59:27,263 [INFO] DbExamplesSqlite:414 - Found 123 examples not building
2025-11-05 16:59:27,288 [INFO] DbExamplesSqlite:106 - CubeFinder database Data Model version=2.1
2025-11-05 16:59:27,288 [INFO] DbExamplesSqlite:107 - CubeFinder database Configuration version=2.11
2025-11-05 16:59:27,288 [INFO] DbExamplesSqlite:108 - CubeFinder database generation date=2020-11-05 (1604506181)
2025-11-05 16:59:27,288 [INFO] DbExamplesSqlite:109 - CubeFinder database FW Pack versions=[STM32Cube_FW_F4_V1.25.2, STM32Cube_FW_F7_V1.16.0, STM32Cube_FW_G0_V1.4.0, STM32Cube_FW_G4_V1.3.0, STM32Cube_FW_H7_V1.8.0, STM32Cube_FW_L5_V1.3.1, STM32Cube_FW_WB_V1.10.0, STM32Cube_FW_WL_V1.0.0]
2025-11-05 16:59:27,289 [INFO] DbExamples:126 - Found 4871 examples
2025-11-05 16:59:27,626 [ERROR] DbExamples:202 - Found 299 examples with invalid data (board or MCU)
2025-11-05 16:59:27,627 [INFO] DbExamples:218 - Found 61 boards with related examples
2025-11-05 16:59:27,640 [INFO] DbExamples:231 - Found 47 MCUs with related examples
2025-11-05 16:59:27,671 [INFO] ApiDb:229 - User favorites file not found: C:\Users\Maoist/.stm32cubeide/favorites.examples.txt
2025-11-05 16:59:27,671 [INFO] DbExamples:252 - Set 0 / 0 favorites Examples
2025-11-05 16:59:27,765 [INFO] SoftwarePacks:122 - Download is needed for SW pack 'STM32Cube_FW_F4_V1.25.2'
2025-11-05 16:59:27,766 [INFO] SoftwarePacks:122 - Download is needed for SW pack 'STM32Cube_FW_F7_V1.16.0'
2025-11-05 16:59:27,767 [INFO] SoftwarePacks:122 - Download is needed for SW pack 'STM32Cube_FW_G0_V1.4.0'
2025-11-05 16:59:27,768 [INFO] SoftwarePacks:122 - Download is needed for SW pack 'STM32Cube_FW_G4_V1.3.0'
2025-11-05 16:59:27,770 [INFO] SoftwarePacks:122 - Download is needed for SW pack 'STM32Cube_FW_H7_V1.8.0'
2025-11-05 16:59:27,771 [INFO] SoftwarePacks:122 - Download is needed for SW pack 'STM32Cube_FW_L5_V1.3.1'
2025-11-05 16:59:27,772 [INFO] SoftwarePacks:122 - Download is needed for SW pack 'STM32Cube_FW_WB_V1.10.0'
2025-11-05 16:59:27,773 [INFO] SoftwarePacks:122 - Download is needed for SW pack 'STM32Cube_FW_WL_V1.0.0'
2025-11-05 16:59:28,228 [WARN] DetailPanel:347 - Failed to get advertising image, set to default
2025-11-05 16:59:28,748 [INFO] ExampleFilterPanel:306 - Update 0 favorites Examples
2025-11-05 16:59:39,386 [INFO] ApiDb:263 - Save user favorites file C:\Users\Maoist/.stm32cubeide/favorites.mcus.txt: 0 item(s)
2025-11-05 16:59:39,386 [INFO] ApiDb:267 - User favorites MCUs=[]
2025-11-05 16:59:39,388 [INFO] ApiDb:263 - Save user favorites file C:\Users\Maoist/.stm32cubeide/favorites.boards.txt: 0 item(s)
2025-11-05 16:59:39,388 [INFO] ApiDb:267 - User favorites Boards=[]
2025-11-05 16:59:39,390 [INFO] ApiDb:263 - Save user favorites file C:\Users\Maoist/.stm32cubeide/favorites.examples.txt: 0 item(s)
2025-11-05 16:59:39,390 [INFO] ApiDb:267 - User favorites Examples=[]
2025-11-05 17:00:27,390 [INFO] RetryExec:97 - I/O exception (java.net.SocketException) caught when processing request to {s}->https://sw-center.st.com:443: Socket operation on nonsocket: configureBlocking
2025-11-05 17:00:27,392 [INFO] RetryExec:113 - Retrying request to {s}->https://sw-center.st.com:443
